<?xml version="1.0" encoding="UTF-8" ?>
<testsuite tests="0" failures="0" name="test.TestApplication" time="0" errors="0" skipped="0">
  <properties>
    <property name="java.vendor" value="Eclipse OpenJ9"/>
    <property name="sun.java.launcher" value="SUN_STANDARD"/>
    <property name="os.name" value="Windows 10"/>
    <property name="sun.desktop" value="windows"/>
    <property name="java.vm.specification.vendor" value="Oracle Corporation"/>
    <property name="java.runtime.version" value="11.0.6+10"/>
    <property name="user.name" value="GRZEGORZSMOLKO"/>
    <property name="java.compiler" value="j9jit29"/>
    <property name="os.encoding" value="UTF8"/>
    <property name="guice.disable.misplaced.annotation.check" value="true"/>
    <property name="com.ibm.util.extralibs.properties" value=""/>
    <property name="com.ibm.jcl.checkClassPath" value=""/>
    <property name="user.language" value="pl"/>
    <property name="com.ibm.oti.vm.bootstrap.library.path" value="d:\ibmjava\jdk-11\bin\compressedrefs;d:\ibmjava\jdk-11\bin"/>
    <property name="sun.boot.library.path" value="d:\ibmjava\jdk-11\bin\compressedrefs;d:\ibmjava\jdk-11\bin"/>
    <property name="classworlds.conf" value="C:\tools\apache-maven-3.5.2\bin\..\bin\m2.conf"/>
    <property name="jdk.extensions.version" value="11.0.6.1"/>
    <property name="java.version" value="11.0.6"/>
    <property name="user.timezone" value="Europe/Belgrade"/>
    <property name="com.ibm.system.agent.path" value="d:\ibmjava\jdk-11\bin"/>
    <property name="sun.arch.data.model" value="64"/>
    <property name="com.ibm.oti.vm.library.version" value="29"/>
    <property name="sun.jnu.encoding" value="Cp1252"/>
    <property name="file.encoding.pkg" value="sun.io"/>
    <property name="file.separator" value="\"/>
    <property name="java.specification.name" value="Java Platform API Specification"/>
    <property name="maven.conf" value="C:\tools\apache-maven-3.5.2\bin\../conf"/>
    <property name="java.class.version" value="55.0"/>
    <property name="user.country" value="PL"/>
    <property name="java.home" value="d:\ibmjava\jdk-11"/>
    <property name="java.vm.info" value="JRE 11 Windows 10 amd64-64-Bit Compressed References 20200122_442 (JIT enabled, AOT enabled)
OpenJ9   - 51a5857d2
OMR      - 7a1b0239a
JCL      - da35e0c380 based on jdk-11.0.6+10"/>
    <property name="os.version" value="10.0"/>
    <property name="java.awt.fonts" value=""/>
    <property name="path.separator" value=";"/>
    <property name="java.vm.version" value="openj9-0.18.1"/>
    <property name="user.variant" value=""/>
    <property name="java.awt.printerjob" value="sun.awt.windows.WPrinterJob"/>
    <property name="jdk.extensions.name" value="Extensions for OpenJDK for Eclipse OpenJ9"/>
    <property name="sun.io.unicode.encoding" value="UnicodeLittle"/>
    <property name="awt.toolkit" value="sun.awt.windows.WToolkit"/>
    <property name="ibm.signalhandling.sigint" value="true"/>
    <property name="user.home" value="C:\Users\GRZEGORZSMOLKO"/>
    <property name="com.ibm.cpu.endian" value="little"/>
    <property name="java.version.date" value="2020-01-14"/>
    <property name="java.specification.vendor" value="Oracle Corporation"/>
    <property name="ibm.signalhandling.sigchain" value="true"/>
    <property name="library.jansi.path" value="C:\tools\apache-maven-3.5.2\bin\..\lib\jansi-native"/>
    <property name="java.library.path" value="d:\ibmjava\jdk-11\bin\compressedrefs;d:\ibmjava\jdk-11\bin;C:\Windows\system32;C:\Windows;C:\ProgramData\DockerDesktop\version-bin;C:\Program Files\Docker\Docker\Resources\bin;C:\Windows\system32;C:\Windows;C:\Windows\System32\Wbem;C:\Windows\System32\WindowsPowerShell\v1.0\;C:\Program Files\Git\cmd;C:\crc-1.4.0;C:\Users\GRZEGORZSMOLKO\.crc\bin;C:\tools\apache-maven-3.5.2\bin;C:\Users\GRZEGORZSMOLKO\AppData\Local\Microsoft\WindowsApps;;."/>
    <property name="java.vendor.url" value="http://www.eclipse.org/openj9"/>
    <property name="java.vm.vendor" value="Eclipse OpenJ9"/>
    <property name="java.fullversion" value="11.0.6+10
JRE 11 Windows 10 amd64-64-Bit Compressed References 20200122_442 (JIT enabled, AOT enabled)
OpenJ9   - 51a5857d2
OMR      - 7a1b0239a
JCL      - da35e0c380 based on jdk-11.0.6+10"/>
    <property name="maven.home" value="C:\tools\apache-maven-3.5.2\bin\.."/>
    <property name="java.runtime.name" value="OpenJDK Runtime Environment"/>
    <property name="sun.java.command" value="org.codehaus.plexus.classworlds.launcher.Launcher clean package"/>
    <property name="java.class.path" value="C:\tools\apache-maven-3.5.2\bin\..\boot\plexus-classworlds-2.5.2.jar"/>
    <property name="java.vm.specification.name" value="Java Virtual Machine Specification"/>
    <property name="java.vm.specification.version" value="11"/>
    <property name="sun.cpu.endian" value="little"/>
    <property name="java.io.tmpdir" value="C:\Users\GRZEGO~1\AppData\Local\Temp\"/>
    <property name="maven.multiModuleProjectDirectory" value="E:\tmp\accenture-london\upload\get-started-java"/>
    <property name="ibm.system.encoding" value="Cp1252"/>
    <property name="os.arch" value="amd64"/>
    <property name="java.awt.graphicsenv" value="sun.awt.Win32GraphicsEnvironment"/>
    <property name="ibm.signalhandling.rs" value="false"/>
    <property name="user.dir" value="E:\tmp\accenture-london\upload\get-started-java"/>
    <property name="line.separator" value="
"/>
    <property name="java.vm.name" value="Eclipse OpenJ9 VM"/>
    <property name="com.ibm.oti.shared.enabled" value="false"/>
    <property name="com.ibm.vm.bitmode" value="64"/>
    <property name="file.encoding" value="Cp1250"/>
    <property name="java.specification.version" value="11"/>
    <property name="com.ibm.oti.configuration" value="scar"/>
    <property name="java.vendor.version" value="AdoptOpenJDK"/>
  </properties>
</testsuite>